Starting audit...
[ERROR] D:\ads-1\assignments\m12\Assignment-1\Student.java:0: File does not end with a newline. [NewlineAtEndOfFile]
[ERROR] D:\ads-1\assignments\m12\Assignment-1\Student.java:5:5: Missing a Javadoc comment. [JavadocVariable]
[ERROR] D:\ads-1\assignments\m12\Assignment-1\Student.java:5:12: Variable 'name' must be private and have accessor methods. [VisibilityModifier]
[ERROR] D:\ads-1\assignments\m12\Assignment-1\Student.java:6:5: Missing a Javadoc comment. [JavadocVariable]
[ERROR] D:\ads-1\assignments\m12\Assignment-1\Student.java:6:9: Variable 'm1' must be private and have accessor methods. [VisibilityModifier]
[ERROR] D:\ads-1\assignments\m12\Assignment-1\Student.java:7:5: Missing a Javadoc comment. [JavadocVariable]
[ERROR] D:\ads-1\assignments\m12\Assignment-1\Student.java:7:9: Variable 'm2' must be private and have accessor methods. [VisibilityModifier]
[ERROR] D:\ads-1\assignments\m12\Assignment-1\Student.java:8:5: Missing a Javadoc comment. [JavadocVariable]
[ERROR] D:\ads-1\assignments\m12\Assignment-1\Student.java:8:9: Variable 'm3' must be private and have accessor methods. [VisibilityModifier]
[ERROR] D:\ads-1\assignments\m12\Assignment-1\Student.java:9:5: Missing a Javadoc comment. [JavadocVariable]
[ERROR] D:\ads-1\assignments\m12\Assignment-1\Student.java:9:9: Variable 'total' must be private and have accessor methods. [VisibilityModifier]
[ERROR] D:\ads-1\assignments\m12\Assignment-1\Student.java:10:5: Missing a Javadoc comment. [JavadocVariable]
[ERROR] D:\ads-1\assignments\m12\Assignment-1\Student.java:10:12: Variable 'rescat' must be private and have accessor methods. [VisibilityModifier]
[ERROR] D:\ads-1\assignments\m12\Assignment-1\Student.java:11:5: Missing a Javadoc comment. [JavadocVariable]
[ERROR] D:\ads-1\assignments\m12\Assignment-1\Student.java:11:9: Variable 'day' must be private and have accessor methods. [VisibilityModifier]
[ERROR] D:\ads-1\assignments\m12\Assignment-1\Student.java:12:5: Missing a Javadoc comment. [JavadocVariable]
[ERROR] D:\ads-1\assignments\m12\Assignment-1\Student.java:12:9: Variable 'month' must be private and have accessor methods. [VisibilityModifier]
[ERROR] D:\ads-1\assignments\m12\Assignment-1\Student.java:13:5: Missing a Javadoc comment. [JavadocVariable]
[ERROR] D:\ads-1\assignments\m12\Assignment-1\Student.java:13:9: Variable 'year' must be private and have accessor methods. [VisibilityModifier]
[ERROR] D:\ads-1\assignments\m12\Assignment-1\Student.java:17:8: Unused @param tag for 'name'. [JavadocMethod]
[ERROR] D:\ads-1\assignments\m12\Assignment-1\Student.java:19:8: Unused @param tag for 'm1'. [JavadocMethod]
[ERROR] D:\ads-1\assignments\m12\Assignment-1\Student.java:20:8: Unused @param tag for 'm2'. [JavadocMethod]
[ERROR] D:\ads-1\assignments\m12\Assignment-1\Student.java:21:8: Unused @param tag for 'm3'. [JavadocMethod]
[ERROR] D:\ads-1\assignments\m12\Assignment-1\Student.java:22:8: Unused @param tag for 'total'. [JavadocMethod]
[ERROR] D:\ads-1\assignments\m12\Assignment-1\Student.java:23:8: Unused @param tag for 'rescat'. [JavadocMethod]
[ERROR] D:\ads-1\assignments\m12\Assignment-1\Student.java:25: Line is longer than 80 characters (found 108). [LineLength]
[ERROR] D:\ads-1\assignments\m12\Assignment-1\Student.java:25:13: Parameter sname should be final. [FinalParameters]
[ERROR] D:\ads-1\assignments\m12\Assignment-1\Student.java:25:20: Expected @param tag for 'sname'. [JavadocMethod]
[ERROR] D:\ads-1\assignments\m12\Assignment-1\Student.java:25:27: Parameter dob should be final. [FinalParameters]
[ERROR] D:\ads-1\assignments\m12\Assignment-1\Student.java:25:39: Parameter mark1 should be final. [FinalParameters]
[ERROR] D:\ads-1\assignments\m12\Assignment-1\Student.java:25:46: Expected @param tag for 'mark1'. [JavadocMethod]
[ERROR] D:\ads-1\assignments\m12\Assignment-1\Student.java:25:53: Parameter mark2 should be final. [FinalParameters]
[ERROR] D:\ads-1\assignments\m12\Assignment-1\Student.java:25:60: Expected @param tag for 'mark2'. [JavadocMethod]
[ERROR] D:\ads-1\assignments\m12\Assignment-1\Student.java:25:67: Parameter mark3 should be final. [FinalParameters]
[ERROR] D:\ads-1\assignments\m12\Assignment-1\Student.java:25:74: Expected @param tag for 'mark3'. [JavadocMethod]
[ERROR] D:\ads-1\assignments\m12\Assignment-1\Student.java:25:81: Parameter totals should be final. [FinalParameters]
[ERROR] D:\ads-1\assignments\m12\Assignment-1\Student.java:25:88: Expected @param tag for 'totals'. [JavadocMethod]
[ERROR] D:\ads-1\assignments\m12\Assignment-1\Student.java:25:96: Parameter res should be final. [FinalParameters]
[ERROR] D:\ads-1\assignments\m12\Assignment-1\Student.java:25:103: Expected @param tag for 'res'. [JavadocMethod]
[ERROR] D:\ads-1\assignments\m12\Assignment-1\Student.java:38:5: Missing a Javadoc comment. [JavadocMethod]
[ERROR] D:\ads-1\assignments\m12\Assignment-1\Student.java:77:5: Missing a Javadoc comment. [JavadocMethod]
[ERROR] D:\ads-1\assignments\m12\Assignment-1\Student.java:78:11: 'if' is not followed by whitespace. [WhitespaceAround]
[ERROR] D:\ads-1\assignments\m12\Assignment-1\Student.java:82:11: 'if' is not followed by whitespace. [WhitespaceAround]
Audit done.
Checkstyle ends with 43 errors.
